This file contains any messages produced by compilers while
running configure, to aid debugging if configure makes a mistake.

It was created by js9 configure 2.0.2, which was
generated by GNU Autoconf 2.59.  Invocation command line was

  $ ./configure --with-webdir=. --with-cfitsio=~/Downloads/cfitsio/include --with-helper=node

## --------- ##
## Platform. ##
## --------- ##

hostname = workgroup
uname -m = x86_64
uname -r = 4.4.0-121-generic
uname -s = Linux
uname -v = #145-Ubuntu SMP Fri Apr 13 13:47:23 UTC 2018

/usr/bin/uname -p = unknown
/bin/uname -X     = unknown

/bin/arch              = unknown
/usr/bin/arch -k       = unknown
/usr/convex/getsysinfo = unknown
hostinfo               = unknown
/bin/machine           = unknown
/usr/bin/oslevel       = unknown
/bin/universe          = unknown

PATH: /home/dbuser/bin
PATH: /home/dbuser/.local/bin
PATH: /usr/local/sbin
PATH: /usr/local/bin
PATH: /usr/sbin
PATH: /usr/bin
PATH: /sbin
PATH: /bin
PATH: /usr/games
PATH: /usr/local/games
PATH: /snap/bin


## ----------- ##
## Core tests. ##
## ----------- ##

configure:1320: checking for web install directory
configure:1332: result: yes (.)
configure:1340: checking for server-side helper type
configure:1353: result: yes (node)
configure:1399: checking build system type
configure:1417: result: x86_64-unknown-linux-gnu
configure:1425: checking host system type
configure:1439: result: x86_64-unknown-linux-gnu
configure:1494: checking for gcc
configure:1510: found /usr/bin/gcc
configure:1520: result: gcc
configure:1764: checking for C compiler version
configure:1767: gcc --version </dev/null >&5
gcc (Ubuntu 5.4.0-6ubuntu1~16.04.9) 5.4.0 20160609
Copyright (C) 2015 Free Software Foundation, Inc.
This is free software; see the source for copying conditions.  There is NO
warranty; not even for MERCHANTABILITY or FITNESS FOR A PARTICULAR PURPOSE.

configure:1770: $? = 0
configure:1772: gcc -v </dev/null >&5
Using built-in specs.
COLLECT_GCC=gcc
COLLECT_LTO_WRAPPER=/usr/lib/gcc/x86_64-linux-gnu/5/lto-wrapper
Target: x86_64-linux-gnu
Configured with: ../src/configure -v --with-pkgversion='Ubuntu 5.4.0-6ubuntu1~16.04.9' --with-bugurl=file:///usr/share/doc/gcc-5/README.Bugs --enable-languages=c,ada,c++,java,go,d,fortran,objc,obj-c++ --prefix=/usr --program-suffix=-5 --enable-shared --enable-linker-build-id --libexecdir=/usr/lib --without-included-gettext --enable-threads=posix --libdir=/usr/lib --enable-nls --with-sysroot=/ --enable-clocale=gnu --enable-libstdcxx-debug --enable-libstdcxx-time=yes --with-default-libstdcxx-abi=new --enable-gnu-unique-object --disable-vtable-verify --enable-libmpx --enable-plugin --with-system-zlib --disable-browser-plugin --enable-java-awt=gtk --enable-gtk-cairo --with-java-home=/usr/lib/jvm/java-1.5.0-gcj-5-amd64/jre --enable-java-home --with-jvm-root-dir=/usr/lib/jvm/java-1.5.0-gcj-5-amd64 --with-jvm-jar-dir=/usr/lib/jvm-exports/java-1.5.0-gcj-5-amd64 --with-arch-directory=amd64 --with-ecj-jar=/usr/share/java/eclipse-ecj.jar --enable-objc-gc --enable-multiarch --disable-werror --with-arch-32=i686 --with-abi=m64 --with-multilib-list=m32,m64,mx32 --enable-multilib --with-tune=generic --enable-checking=release --build=x86_64-linux-gnu --host=x86_64-linux-gnu --target=x86_64-linux-gnu
Thread model: posix
gcc version 5.4.0 20160609 (Ubuntu 5.4.0-6ubuntu1~16.04.9) 
configure:1775: $? = 0
configure:1777: gcc -V </dev/null >&5
gcc: error: unrecognized command line option '-V'
gcc: fatal error: no input files
compilation terminated.
configure:1780: $? = 1
configure:1803: checking for C compiler default output file name
configure:1806: gcc    conftest.c  >&5
configure:1809: $? = 0
configure:1855: result: a.out
configure:1860: checking whether the C compiler works
configure:1866: ./a.out
configure:1869: $? = 0
configure:1886: result: yes
configure:1893: checking whether we are cross compiling
configure:1895: result: no
configure:1898: checking for suffix of executables
configure:1900: gcc -o conftest    conftest.c  >&5
configure:1903: $? = 0
configure:1928: result: 
configure:1934: checking for suffix of object files
configure:1955: gcc -c   conftest.c >&5
configure:1958: $? = 0
configure:1980: result: o
configure:1984: checking whether we are using the GNU C compiler
configure:2008: gcc -c   conftest.c >&5
configure:2014: $? = 0
configure:2018: test -z 
			 || test ! -s conftest.err
configure:2021: $? = 0
configure:2024: test -s conftest.o
configure:2027: $? = 0
configure:2040: result: yes
configure:2046: checking whether gcc accepts -g
configure:2067: gcc -c -g  conftest.c >&5
configure:2073: $? = 0
configure:2077: test -z 
			 || test ! -s conftest.err
configure:2080: $? = 0
configure:2083: test -s conftest.o
configure:2086: $? = 0
configure:2097: result: yes
configure:2114: checking for gcc option to accept ANSI C
configure:2184: gcc  -c -g -O2  conftest.c >&5
configure:2190: $? = 0
configure:2194: test -z 
			 || test ! -s conftest.err
configure:2197: $? = 0
configure:2200: test -s conftest.o
configure:2203: $? = 0
configure:2221: result: none needed
configure:2239: gcc -c -g -O2  conftest.c >&5
conftest.c:2:3: error: unknown type name 'choke'
   choke me
   ^
conftest.c:2:3: error: expected '=', ',', ';', 'asm' or '__attribute__' at end of input
configure:2245: $? = 1
configure: failed program was:
| #ifndef __cplusplus
|   choke me
| #endif
configure:2378: checking C compiler flags
configure:2385: result: OK
configure:2442: checking for ranlib
configure:2458: found /usr/bin/ranlib
configure:2469: result: ranlib
configure:2488: checking how to run the C preprocessor
configure:2523: gcc -E  conftest.c
configure:2529: $? = 0
configure:2561: gcc -E  conftest.c
conftest.c:9:28: fatal error: ac_nonexistent.h: No such file or directory
compilation terminated.
configure:2567: $? = 1
configure: failed program was:
| /* confdefs.h.  */
| 
| #define PACKAGE_NAME "js9"
| #define PACKAGE_TARNAME "js9"
| #define PACKAGE_VERSION "2.0.2"
| #define PACKAGE_STRING "js9 2.0.2"
| #define PACKAGE_BUGREPORT "eric@cfa.harvard.edu"
| /* end confdefs.h.  */
| #include <ac_nonexistent.h>
configure:2606: result: gcc -E
configure:2630: gcc -E  conftest.c
configure:2636: $? = 0
configure:2668: gcc -E  conftest.c
conftest.c:9:28: fatal error: ac_nonexistent.h: No such file or directory
compilation terminated.
configure:2674: $? = 1
configure: failed program was:
| /* confdefs.h.  */
| 
| #define PACKAGE_NAME "js9"
| #define PACKAGE_TARNAME "js9"
| #define PACKAGE_VERSION "2.0.2"
| #define PACKAGE_STRING "js9 2.0.2"
| #define PACKAGE_BUGREPORT "eric@cfa.harvard.edu"
| /* end confdefs.h.  */
| #include <ac_nonexistent.h>
configure:2718: checking for egrep
configure:2728: result: grep -E
configure:2733: checking for ANSI C header files
configure:2758: gcc -c -g -O2  conftest.c >&5
configure:2764: $? = 0
configure:2768: test -z 
			 || test ! -s conftest.err
configure:2771: $? = 0
configure:2774: test -s conftest.o
configure:2777: $? = 0
configure:2866: gcc -o conftest -g -O2   conftest.c  >&5
conftest.c: In function 'main':
conftest.c:26:7: warning: implicit declaration of function 'exit' [-Wimplicit-function-declaration]
       exit(2);
       ^
conftest.c:26:7: warning: incompatible implicit declaration of built-in function 'exit'
conftest.c:26:7: note: include '<stdlib.h>' or provide a declaration of 'exit'
conftest.c:27:3: warning: incompatible implicit declaration of built-in function 'exit'
   exit (0);
   ^
conftest.c:27:3: note: include '<stdlib.h>' or provide a declaration of 'exit'
configure:2869: $? = 0
configure:2871: ./conftest
configure:2874: $? = 0
configure:2889: result: yes
configure:2913: checking for sys/types.h
configure:2929: gcc -c -g -O2  conftest.c >&5
configure:2935: $? = 0
configure:2939: test -z 
			 || test ! -s conftest.err
configure:2942: $? = 0
configure:2945: test -s conftest.o
configure:2948: $? = 0
configure:2959: result: yes
configure:2913: checking for sys/stat.h
configure:2929: gcc -c -g -O2  conftest.c >&5
configure:2935: $? = 0
configure:2939: test -z 
			 || test ! -s conftest.err
configure:2942: $? = 0
configure:2945: test -s conftest.o
configure:2948: $? = 0
configure:2959: result: yes
configure:2913: checking for stdlib.h
configure:2929: gcc -c -g -O2  conftest.c >&5
configure:2935: $? = 0
configure:2939: test -z 
			 || test ! -s conftest.err
configure:2942: $? = 0
configure:2945: test -s conftest.o
configure:2948: $? = 0
configure:2959: result: yes
configure:2913: checking for string.h
configure:2929: gcc -c -g -O2  conftest.c >&5
configure:2935: $? = 0
configure:2939: test -z 
			 || test ! -s conftest.err
configure:2942: $? = 0
configure:2945: test -s conftest.o
configure:2948: $? = 0
configure:2959: result: yes
configure:2913: checking for memory.h
configure:2929: gcc -c -g -O2  conftest.c >&5
configure:2935: $? = 0
configure:2939: test -z 
			 || test ! -s conftest.err
configure:2942: $? = 0
configure:2945: test -s conftest.o
configure:2948: $? = 0
configure:2959: result: yes
configure:2913: checking for strings.h
configure:2929: gcc -c -g -O2  conftest.c >&5
configure:2935: $? = 0
configure:2939: test -z 
			 || test ! -s conftest.err
configure:2942: $? = 0
configure:2945: test -s conftest.o
configure:2948: $? = 0
configure:2959: result: yes
configure:2913: checking for inttypes.h
configure:2929: gcc -c -g -O2  conftest.c >&5
configure:2935: $? = 0
configure:2939: test -z 
			 || test ! -s conftest.err
configure:2942: $? = 0
configure:2945: test -s conftest.o
configure:2948: $? = 0
configure:2959: result: yes
configure:2913: checking for stdint.h
configure:2929: gcc -c -g -O2  conftest.c >&5
configure:2935: $? = 0
configure:2939: test -z 
			 || test ! -s conftest.err
configure:2942: $? = 0
configure:2945: test -s conftest.o
configure:2948: $? = 0
configure:2959: result: yes
configure:2913: checking for unistd.h
configure:2929: gcc -c -g -O2  conftest.c >&5
configure:2935: $? = 0
configure:2939: test -z 
			 || test ! -s conftest.err
configure:2942: $? = 0
configure:2945: test -s conftest.o
configure:2948: $? = 0
configure:2959: result: yes
configure:2971: checking for void *
configure:2995: gcc -c -g -O2  conftest.c >&5
configure:3001: $? = 0
configure:3005: test -z 
			 || test ! -s conftest.err
configure:3008: $? = 0
configure:3011: test -s conftest.o
configure:3014: $? = 0
configure:3025: result: yes
configure:3028: checking size of void *
configure:3347: gcc -o conftest -g -O2   conftest.c  >&5
configure:3350: $? = 0
configure:3352: ./conftest
configure:3355: $? = 0
configure:3378: result: 8
configure:3389: checking for ANSI C header files
configure:3545: result: yes
configure:3569: checking malloc.h usability
configure:3581: gcc -c -g -O2  conftest.c >&5
configure:3587: $? = 0
configure:3591: test -z 
			 || test ! -s conftest.err
configure:3594: $? = 0
configure:3597: test -s conftest.o
configure:3600: $? = 0
configure:3610: result: yes
configure:3614: checking malloc.h presence
configure:3624: gcc -E  conftest.c
configure:3630: $? = 0
configure:3650: result: yes
configure:3685: checking for malloc.h
configure:3692: result: yes
configure:3719: checking getopt.h usability
configure:3731: gcc -c -g -O2  conftest.c >&5
configure:3737: $? = 0
configure:3741: test -z 
			 || test ! -s conftest.err
configure:3744: $? = 0
configure:3747: test -s conftest.o
configure:3750: $? = 0
configure:3760: result: yes
configure:3764: checking getopt.h presence
configure:3774: gcc -E  conftest.c
configure:3780: $? = 0
configure:3800: result: yes
configure:3835: checking for getopt.h
configure:3842: result: yes
configure:3869: checking pwd.h usability
configure:3881: gcc -c -g -O2  conftest.c >&5
configure:3887: $? = 0
configure:3891: test -z 
			 || test ! -s conftest.err
configure:3894: $? = 0
configure:3897: test -s conftest.o
configure:3900: $? = 0
configure:3910: result: yes
configure:3914: checking pwd.h presence
configure:3924: gcc -E  conftest.c
configure:3930: $? = 0
configure:3950: result: yes
configure:3985: checking for pwd.h
configure:3992: result: yes
configure:4019: checking dlfcn.h usability
configure:4031: gcc -c -g -O2  conftest.c >&5
configure:4037: $? = 0
configure:4041: test -z 
			 || test ! -s conftest.err
configure:4044: $? = 0
configure:4047: test -s conftest.o
configure:4050: $? = 0
configure:4060: result: yes
configure:4064: checking dlfcn.h presence
configure:4074: gcc -E  conftest.c
configure:4080: $? = 0
configure:4100: result: yes
configure:4135: checking for dlfcn.h
configure:4142: result: yes
configure:4169: checking setjmp.h usability
configure:4181: gcc -c -g -O2  conftest.c >&5
configure:4187: $? = 0
configure:4191: test -z 
			 || test ! -s conftest.err
configure:4194: $? = 0
configure:4197: test -s conftest.o
configure:4200: $? = 0
configure:4210: result: yes
configure:4214: checking setjmp.h presence
configure:4224: gcc -E  conftest.c
configure:4230: $? = 0
configure:4250: result: yes
configure:4285: checking for setjmp.h
configure:4292: result: yes
configure:4319: checking values.h usability
configure:4331: gcc -c -g -O2  conftest.c >&5
configure:4337: $? = 0
configure:4341: test -z 
			 || test ! -s conftest.err
configure:4344: $? = 0
configure:4347: test -s conftest.o
configure:4350: $? = 0
configure:4360: result: yes
configure:4364: checking values.h presence
configure:4374: gcc -E  conftest.c
configure:4380: $? = 0
configure:4400: result: yes
configure:4435: checking for values.h
configure:4442: result: yes
configure:4456: checking for cgi install directory
configure:4480: result: no
configure:4485: checking for cgi url
configure:4500: result: no
configure:4505: checking for extra directories for cgi path
configure:4520: result: no
configure:4527: checking for funtools
configure:4559: result: no
configure:4575: checking for cfitsio
configure:4603: result: no
configure:4766: result: no funtools or cfitsio: back-end programs will not be built
configure:4772: checking for png library (for building deprecated fits2png)
configure:4892: result: fits2png will not be built
configure:4900: checking for connect
configure:4957: gcc -o conftest -g -O2   conftest.c  >&5
configure:4963: $? = 0
configure:4967: test -z 
			 || test ! -s conftest.err
configure:4970: $? = 0
configure:4973: test -s conftest
configure:4976: $? = 0
configure:4988: result: yes
configure:5061: checking for gethostbyname
configure:5118: gcc -o conftest -g -O2   conftest.c  >&5
configure:5124: $? = 0
configure:5128: test -z 
			 || test ! -s conftest.err
configure:5131: $? = 0
configure:5134: test -s conftest
configure:5137: $? = 0
configure:5149: result: yes
configure:5222: checking for dlopen in -ldl
configure:5252: gcc -o conftest -g -O2   conftest.c -ldl   >&5
configure:5258: $? = 0
configure:5262: test -z 
			 || test ! -s conftest.err
configure:5265: $? = 0
configure:5268: test -s conftest
configure:5271: $? = 0
configure:5284: result: yes
configure:5291: checking linux-gnu configuration
configure:5323: result: none
configure:5333: checking for sao top-level install directory
configure:5349: result: no
configure:5487: creating ./config.status

## ---------------------- ##
## Running config.status. ##
## ---------------------- ##

This file was extended by js9 config.status 2.0.2, which was
generated by GNU Autoconf 2.59.  Invocation command line was

  CONFIG_FILES    = 
  CONFIG_HEADERS  = 
  CONFIG_LINKS    = 
  CONFIG_COMMANDS = 
  $ ./config.status 

on workgroup

config.status:661: creating Makefile
config.status:661: creating js9helper.pc

## ---------------- ##
## Cache variables. ##
## ---------------- ##

ac_cv_build=x86_64-unknown-linux-gnu
ac_cv_build_alias=x86_64-unknown-linux-gnu
ac_cv_c_compiler_gnu=yes
ac_cv_env_CC_set=
ac_cv_env_CC_value=
ac_cv_env_CFLAGS_set=
ac_cv_env_CFLAGS_value=
ac_cv_env_CPPFLAGS_set=
ac_cv_env_CPPFLAGS_value=
ac_cv_env_CPP_set=
ac_cv_env_CPP_value=
ac_cv_env_LDFLAGS_set=
ac_cv_env_LDFLAGS_value=
ac_cv_env_build_alias_set=
ac_cv_env_build_alias_value=
ac_cv_env_host_alias_set=
ac_cv_env_host_alias_value=
ac_cv_env_target_alias_set=
ac_cv_env_target_alias_value=
ac_cv_exeext=
ac_cv_func_connect=yes
ac_cv_func_gethostbyname=yes
ac_cv_header_dlfcn_h=yes
ac_cv_header_getopt_h=yes
ac_cv_header_inttypes_h=yes
ac_cv_header_malloc_h=yes
ac_cv_header_memory_h=yes
ac_cv_header_pwd_h=yes
ac_cv_header_setjmp_h=yes
ac_cv_header_stdc=yes
ac_cv_header_stdint_h=yes
ac_cv_header_stdlib_h=yes
ac_cv_header_string_h=yes
ac_cv_header_strings_h=yes
ac_cv_header_sys_stat_h=yes
ac_cv_header_sys_types_h=yes
ac_cv_header_unistd_h=yes
ac_cv_header_values_h=yes
ac_cv_host=x86_64-unknown-linux-gnu
ac_cv_host_alias=x86_64-unknown-linux-gnu
ac_cv_lib_dl_dlopen=yes
ac_cv_objext=o
ac_cv_prog_CPP='gcc -E'
ac_cv_prog_ac_ct_CC=gcc
ac_cv_prog_ac_ct_RANLIB=ranlib
ac_cv_prog_cc_g=yes
ac_cv_prog_cc_stdc=
ac_cv_prog_egrep='grep -E'
ac_cv_sizeof_void_p=8
ac_cv_type_void_p=yes

## ----------------- ##
## Output variables. ##
## ----------------- ##

CC='gcc'
CFITSIOINC=''
CFITSIOLIB=''
CFITSIOOBJS=''
CFLAGS='-g -O2'
CGIDIR=''
CGIURL=''
CGIXPATH=''
CPP='gcc -E'
CPPFLAGS=''
DEFS='-DPACKAGE_NAME=\"js9\" -DPACKAGE_TARNAME=\"js9\" -DPACKAGE_VERSION=\"2.0.2\" -DPACKAGE_STRING=\"js9\ 2.0.2\" -DPACKAGE_BUGREPORT=\"eric@cfa.harvard.edu\" -DSTDC_HEADERS=1 -DHAVE_SYS_TYPES_H=1 -DHAVE_SYS_STAT_H=1 -DHAVE_STDLIB_H=1 -DHAVE_STRING_H=1 -DHAVE_MEMORY_H=1 -DHAVE_STRINGS_H=1 -DHAVE_INTTYPES_H=1 -DHAVE_STDINT_H=1 -DHAVE_UNISTD_H=1 -DSIZEOF_VOID_P=8 -DSTDC_HEADERS=1 -DHAVE_MALLOC_H=1 -DHAVE_GETOPT_H=1 -DHAVE_PWD_H=1 -DHAVE_DLFCN_H=1 -DHAVE_SETJMP_H=1 -DHAVE_VALUES_H=1 '
ECHO_C=''
ECHO_N='-n'
ECHO_T=''
EGREP='grep -E'
EXEEXT=''
EXTRA_LIBS=' -ldl'
FITSLIB='none'
FUNINC=''
FUNLIB=''
HELPER='node'
LDFLAGS=''
LIBOBJS=''
LIBS=''
LTLIBOBJS=''
OBJEXT='o'
PACKAGE_BUGREPORT='eric@cfa.harvard.edu'
PACKAGE_NAME='js9'
PACKAGE_STRING='js9 2.0.2'
PACKAGE_TARNAME='js9'
PACKAGE_VERSION='2.0.2'
PATH_SEPARATOR=':'
PNGINC=''
PNGLIB=''
RANLIB='ranlib'
SAODIR=''
SHELL='/bin/bash'
USEFITS2PNG='no'
USEHELPER='no'
WEBDIR='.'
ac_ct_CC='gcc'
ac_ct_RANLIB='ranlib'
bindir='${exec_prefix}/bin'
build='x86_64-unknown-linux-gnu'
build_alias=''
build_cpu='x86_64'
build_os='linux-gnu'
build_vendor='unknown'
datadir='${prefix}/share'
exec_prefix='${prefix}'
host='x86_64-unknown-linux-gnu'
host_alias=''
host_cpu='x86_64'
host_os='linux-gnu'
host_vendor='unknown'
includedir='${prefix}/include'
infodir='${prefix}/info'
libdir='${exec_prefix}/lib'
libexecdir='${exec_prefix}/libexec'
localstatedir='${prefix}/var'
mandir='${prefix}/man'
oldincludedir='/usr/include'
prefix='/usr/local'
program_transform_name='s,x,x,'
sbindir='${exec_prefix}/sbin'
sharedstatedir='${prefix}/com'
sysconfdir='${prefix}/etc'
target_alias=''

## ----------- ##
## confdefs.h. ##
## ----------- ##

#define HAVE_DLFCN_H 1
#define HAVE_GETOPT_H 1
#define HAVE_INTTYPES_H 1
#define HAVE_MALLOC_H 1
#define HAVE_MEMORY_H 1
#define HAVE_PWD_H 1
#define HAVE_SETJMP_H 1
#define HAVE_STDINT_H 1
#define HAVE_STDLIB_H 1
#define HAVE_STRINGS_H 1
#define HAVE_STRING_H 1
#define HAVE_SYS_STAT_H 1
#define HAVE_SYS_TYPES_H 1
#define HAVE_UNISTD_H 1
#define HAVE_VALUES_H 1
#define PACKAGE_BUGREPORT "eric@cfa.harvard.edu"
#define PACKAGE_NAME "js9"
#define PACKAGE_STRING "js9 2.0.2"
#define PACKAGE_TARNAME "js9"
#define PACKAGE_VERSION "2.0.2"
#define SIZEOF_VOID_P 8
#define STDC_HEADERS 1
#define STDC_HEADERS 1

configure: exit 0
